<?xml version="1.0" encoding="UTF-8"?>
<!-- Generated by org.testng.reporters.JUnitReportReporter -->
<testsuite skipped="0" hostname="IN5CG5130FLJ" name="com.test.AssertionValidation" tests="2" failures="0" timestamp="2019-09-27T17:33:09 IST" time="16.991" errors="0">
  <testcase name="googleTitleTest" time="6.345" classname="com.test.AssertionValidation"/>
  <testcase name="testGoogleLogo" time="10.646" classname="com.test.AssertionValidation"/>
</testsuite> <!-- com.test.AssertionValidation -->
