<?xml version="1.0" encoding="UTF-8"?>
<!-- Generated by org.testng.reporters.JUnitReportReporter -->
<testsuite skipped="0" hostname="IN5CG5130FLJ" name="com.test.TestNgBasic" tests="3" failures="0" timestamp="2019-09-27T17:33:09 IST" time="0.016" errors="0">
  <testcase name="googleTitletest" time="0.004" classname="com.test.TestNgBasic"/>
  <testcase name="googlelogotest" time="0.008" classname="com.test.TestNgBasic"/>
  <testcase name="searchtestcase" time="0.004" classname="com.test.TestNgBasic"/>
</testsuite> <!-- com.test.TestNgBasic -->
