<?xml version="1.0" encoding="UTF-8"?>
<!-- Generated by org.testng.reporters.JUnitReportReporter -->
<testsuite skipped="0" hostname="IN5CG5130FLJ" name="com.test.GoogleTest" tests="5" failures="0" timestamp="2019-09-27T17:33:09 IST" time="38.328" errors="0">
  <testcase name="testGoogleLogo" time="7.009" classname="com.test.GoogleTest"/>
  <testcase name="googleTitleTest" time="8.091" classname="com.test.GoogleTest"/>
  <testcase name="test2" time="8.302" classname="com.test.GoogleTest"/>
  <testcase name="test1" time="7.945" classname="com.test.GoogleTest"/>
  <testcase name="test3" time="6.981" classname="com.test.GoogleTest"/>
</testsuite> <!-- com.test.GoogleTest -->
